#
# A fatal error has been detected by the Java Runtime Environment:
#
#  Internal Error (javaClasses.cpp:129), pid=39672, tid=39372
#  fatal error: Invalid layout of preloaded class
#
# JRE version: 7.0_25-b17
# Java VM: Java HotSpot(TM) Client VM (23.25-b01 mixed mode windows-x86 )
# Failed to write core dump. Minidumps are not enabled by default on client versions of Windows
#
# If you would like to submit a bug report, please visit:
#   http://bugreport.sun.com/bugreport/crash.jsp
#

---------------  T H R E A D  ---------------

Current thread (0x0023ac00):  JavaThread "Unknown thread" [_thread_in_vm, id=39372, stack(0x00df0000,0x00e40000)]

Stack: [0x00df0000,0x00e40000],  sp=0x00e3f874,  free space=318k
Native frames: (J=compiled Java code, j=interpreted, Vv=VM code, C=native code)
V  [jvm.dll+0x167e31]
V  [jvm.dll+0x1620f6]
V  [jvm.dll+0x1f92f]
V  [jvm.dll+0x1f9b6]
V  [jvm.dll+0x2cffd]
V  [jvm.dll+0x2d2a9]
V  [jvm.dll+0x75351]
V  [jvm.dll+0x7570b]
V  [jvm.dll+0x123881]
V  [jvm.dll+0x1439cc]
V  [jvm.dll+0xa619f]
C  [javaw.exe+0x13ca]
C  [javaw.exe+0x1e3c]
C  [javaw.exe+0xa5b1]
C  [javaw.exe+0xa63b]
C  [kernel32.dll+0x1338a]  BaseThreadInitThunk+0x12
C  [ntdll.dll+0x39f72]  RtlInitializeExceptionChain+0x63
C  [ntdll.dll+0x39f45]  RtlInitializeExceptionChain+0x36


---------------  P R O C E S S  ---------------

Java Threads: ( => current thread )

Other Threads:

=>0x0023ac00 (exited) JavaThread "Unknown thread" [_thread_in_vm, id=39372, stack(0x00df0000,0x00e40000)]

VM state:not at safepoint (not fully initialized)

VM Mutex/Monitor currently owned by a thread: None

GC Heap History (0 events):
No events

Deoptimization events (0 events):
No events

Internal exceptions (0 events):
No events

Events (10 events):
Event: 0.049 loading class 0x00c76b50 done
Event: 0.050 loading class 0x00c75598 done
Event: 0.050 loading class 0x00c75570
Event: 0.050 loading class 0x00cf8500
Event: 0.050 loading class 0x00cf8500 done
Event: 0.050 loading class 0x00cf8538
Event: 0.051 loading class 0x00cf8538 done
Event: 0.051 loading class 0x00cf8c40
Event: 0.051 loading class 0x00cf8c40 done
Event: 0.051 loading class 0x00c75570 done


Dynamic libraries:
0x00ec0000 - 0x00eef000 	C:\Program Files (x86)\Java\jre7\bin\javaw.exe
0x77e50000 - 0x77fd0000 	C:\Windows\SysWOW64\ntdll.dll
0x75940000 - 0x75a50000 	C:\Windows\syswow64\kernel32.dll
0x768d0000 - 0x76917000 	C:\Windows\syswow64\KERNELBASE.dll
0x75a50000 - 0x75af0000 	C:\Windows\syswow64\ADVAPI32.dll
0x76280000 - 0x7632c000 	C:\Windows\syswow64\msvcrt.dll
0x769d0000 - 0x769e9000 	C:\Windows\SysWOW64\sechost.dll
0x75850000 - 0x75940000 	C:\Windows\syswow64\RPCRT4.dll
0x757e0000 - 0x75840000 	C:\Windows\syswow64\SspiCli.dll
0x757d0000 - 0x757dc000 	C:\Windows\syswow64\CRYPTBASE.dll
0x76cf0000 - 0x76df0000 	C:\Windows\syswow64\USER32.dll
0x76b00000 - 0x76b90000 	C:\Windows\syswow64\GDI32.dll
0x75af0000 - 0x75afa000 	C:\Windows\syswow64\LPK.dll
0x766d0000 - 0x7676d000 	C:\Windows\syswow64\USP10.dll
0x71fc0000 - 0x7215e000 	C:\Windows\WinSxS\x86_microsoft.windows.common-controls_6595b64144ccf1df_6.0.7601.17514_none_41e6975e2bd6f2b2\COMCTL32.dll
0x76470000 - 0x764c7000 	C:\Windows\syswow64\SHLWAPI.dll
0x765e0000 - 0x76640000 	C:\Windows\system32\IMM32.DLL
0x75ce0000 - 0x75dac000 	C:\Windows\syswow64\MSCTF.dll
0x52270000 - 0x5232e000 	C:\Program Files (x86)\Java\jre7\bin\msvcr100.dll
0x553f0000 - 0x55732000 	C:\Program Files (x86)\Java\jre7\bin\client\jvm.dll
0x75180000 - 0x75187000 	C:\Windows\system32\WSOCK32.dll
0x76a00000 - 0x76a35000 	C:\Windows\syswow64\WS2_32.dll
0x75db0000 - 0x75db6000 	C:\Windows\syswow64\NSI.dll
0x73780000 - 0x737b2000 	C:\Windows\system32\WINMM.dll
0x77e20000 - 0x77e25000 	C:\Windows\syswow64\PSAPI.DLL
0x715a0000 - 0x715ac000 	C:\Program Files (x86)\Java\jre7\bin\verify.dll
0x6a5d0000 - 0x6a5f0000 	C:\Program Files (x86)\Java\jre7\bin\java.dll
0x6a5b0000 - 0x6a5c3000 	C:\Program Files (x86)\Java\jre7\bin\zip.dll
0x73f90000 - 0x7407b000 	C:\Windows\system32\dbghelp.dll

VM Arguments:
jvm_args: -Dfile.encoding=Cp1252 -Xbootclasspath:C:\Users\Mareva BRIXY\Documents\Eclipse\sdk\platforms\android-21\android.jar 
java_command: com.example.kuizto.Recherche
Launcher Type: SUN_STANDARD

Environment Variables:
PATH=C:/Program Files (x86)/Java/jre7/bin/client;C:/Program Files (x86)/Java/jre7/bin;C:/Program Files (x86)/Java/jre7/lib/i386;C:\Program Files (x86)\AMD APP\bin\x86_64;C:\Program Files (x86)\AMD APP\bin\x86;C:\Program Files\Common Files\Microsoft Shared\Windows Live;C:\Program Files (x86)\Common Files\Microsoft Shared\Windows Live;C:\Windows\system32;C:\Windows;C:\Windows\System32\Wbem;C:\Windows\System32\WindowsPowerShell\v1.0\;C:\Program Files (x86)\Windows Live\Shared;C:\Program Files (x86)\ATI Technologies\ATI.ACE\Core-Static;C:\MATLAB\R2009b\runtime\win32;C:\MATLAB\R2009b\bin;C:\Users\Mareva BRIXY\Documents\Eclipse\sdk;C:\Users\Mareva BRIXY\Documents\Eclipse\eclipse;
USERNAME=Mareva BRIXY
OS=Windows_NT
PROCESSOR_IDENTIFIER=AMD64 Family 20 Model 2 Stepping 0, AuthenticAMD



---------------  S Y S T E M  ---------------

OS: Windows 7 , 64 bit Build 7601 Service Pack 1

CPU:total 2 (2 cores per cpu, 1 threads per core) family 20 model 2 stepping 0, cmov, cx8, fxsr, mmx, sse, sse2, sse3, ssse3, popcnt, mmxext, lzcnt, sse4a, tsc, tscinvbit, tscinv

Memory: 4k page, physical 3774840k(850300k free), swap 7547820k(2550092k free)

vm_info: Java HotSpot(TM) Client VM (23.25-b01) for windows-x86 JRE (1.7.0_25-b17), built on Jun 21 2013 13:06:48 by "java_re" with unknown MS VC++:1600

time: Wed Jan 21 19:39:31 2015
elapsed time: 0 seconds

